<?xml version="1.0" encoding="UTF-8" ?>
<testsuites name="vitest tests" tests="4" failures="0" errors="0" time="0.051187934">
    <testsuite name="src/tests/entity.test.ts" timestamp="2025-09-19T08:11:17.757Z" hostname="devbox" tests="3" failures="0" errors="0" skipped="0" time="0.015711381">
        <testcase classname="src/tests/entity.test.ts" name="Entity &gt; should create an entity with default action" time="0.002139149">
        </testcase>
        <testcase classname="src/tests/entity.test.ts" name="Entity &gt; should set and call an action" time="0.007078623">
        </testcase>
        <testcase classname="src/tests/entity.test.ts" name="Entity &gt; should not call a callback if the action is not set" time="0.00059354">
        </testcase>
    </testsuite>
    <testsuite name="src/tests/map-render.test.ts" timestamp="2025-09-19T08:11:17.761Z" hostname="devbox" tests="1" failures="0" errors="0" skipped="0" time="0.035476553">
        <testcase classname="src/tests/map-render.test.ts" name="MapRender &gt; should call update on all entities" time="0.030260784">
        </testcase>
    </testsuite>
</testsuites>
