<?xml version="1.0" encoding="UTF-8" ?>
<testsuites name="vitest tests" tests="4" failures="0" errors="0" time="0.025555199">
    <testsuite name="src/tests/entity.test.ts" timestamp="2025-09-18T14:06:09.440Z" hostname="devbox" tests="3" failures="0" errors="0" skipped="0" time="0.008036222">
        <testcase classname="src/tests/entity.test.ts" name="Entity &gt; should create an entity with default action" time="0.001995392">
        </testcase>
        <testcase classname="src/tests/entity.test.ts" name="Entity &gt; should set and call an action" time="0.002960102">
        </testcase>
        <testcase classname="src/tests/entity.test.ts" name="Entity &gt; should not call a callback if the action is not set" time="0.001378273">
        </testcase>
    </testsuite>
    <testsuite name="src/tests/map-render.test.ts" timestamp="2025-09-18T14:06:09.445Z" hostname="devbox" tests="1" failures="0" errors="0" skipped="0" time="0.017518977">
        <testcase classname="src/tests/map-render.test.ts" name="MapRender &gt; should call update on all entities" time="0.016123729">
        </testcase>
    </testsuite>
</testsuites>
