<?xml version="1.0" encoding="UTF-8" ?>
<testsuites name="vitest tests" tests="24" failures="0" errors="0" time="0.055231791">
    <testsuite name="src/tests/damage.test.ts" timestamp="2025-09-19T08:58:53.842Z" hostname="devbox" tests="3" failures="0" errors="0" skipped="0" time="0.004166426">
        <testcase classname="src/tests/damage.test.ts" name="calculateDamage &gt; should calculate positive damage correctly" time="0.001843425">
        </testcase>
        <testcase classname="src/tests/damage.test.ts" name="calculateDamage &gt; should deal a minimum of 1 damage when attack is less than defense" time="0.000401874">
        </testcase>
        <testcase classname="src/tests/damage.test.ts" name="calculateDamage &gt; should deal a minimum of 1 damage when attack is equal to defense" time="0.000233207">
        </testcase>
    </testsuite>
    <testsuite name="src/tests/data-manager.test.ts" timestamp="2025-09-19T08:58:53.843Z" hostname="devbox" tests="5" failures="0" errors="0" skipped="0" time="0.012273731">
        <testcase classname="src/tests/data-manager.test.ts" name="DataManager &gt; should load all monster data from files" time="0.001703379">
        </testcase>
        <testcase classname="src/tests/data-manager.test.ts" name="DataManager &gt; should load all item data from files" time="0.000466397">
        </testcase>
        <testcase classname="src/tests/data-manager.test.ts" name="DataManager &gt; should load all equipment data from files" time="0.000355658">
        </testcase>
        <testcase classname="src/tests/data-manager.test.ts" name="DataManager &gt; should load the map layout for floor 1 correctly" time="0.000398266">
        </testcase>
        <testcase classname="src/tests/data-manager.test.ts" name="DataManager &gt; should return undefined for non-existent data" time="0.000229886">
        </testcase>
    </testsuite>
    <testsuite name="src/tests/file-storage.test.ts" timestamp="2025-09-19T08:58:53.845Z" hostname="devbox" tests="1" failures="0" errors="0" skipped="0" time="0.006562878">
        <testcase classname="src/tests/file-storage.test.ts" name="FileStorage &gt; should set/get/remove items and report length/key correctly" time="0.005057565">
        </testcase>
    </testsuite>
    <testsuite name="src/tests/logic.test.ts" timestamp="2025-09-19T08:58:53.845Z" hostname="devbox" tests="14" failures="0" errors="0" skipped="0" time="0.015726822">
        <testcase classname="src/tests/logic.test.ts" name="handleMove &gt; should allow player to move to an empty tile" time="0.003608619">
        </testcase>
        <testcase classname="src/tests/logic.test.ts" name="handleMove &gt; should not allow player to move out of bounds" time="0.000556582">
        </testcase>
        <testcase classname="src/tests/logic.test.ts" name="handleMove &gt; should not allow player to move into a wall" time="0.000568992">
        </testcase>
        <testcase classname="src/tests/logic.test.ts" name="handleMove &gt; should make monster turn left to face player" time="0.000916413">
        </testcase>
        <testcase classname="src/tests/logic.test.ts" name="handleMove &gt; should make monster turn right to face player" time="0.00061513">
        </testcase>
        <testcase classname="src/tests/logic.test.ts" name="handleMove &gt; should only turn player on first press in a new direction" time="0.000429023">
        </testcase>
        <testcase classname="src/tests/logic.test.ts" name="handleMove &gt; should move player on second press in the same direction" time="0.000412151">
        </testcase>
        <testcase classname="src/tests/logic.test.ts" name="handleMove &gt; should turn, then do nothing when moving into a wall" time="0.000432249">
        </testcase>
        <testcase classname="src/tests/logic.test.ts" name="handleMove &gt; should set interactionState to item_pickup when moving onto an item" time="0.000523192">
        </testcase>
        <testcase classname="src/tests/logic.test.ts" name="handleMove &gt; should correctly pick up a key and update player state" time="0.001551778">
        </testcase>
        <testcase classname="src/tests/logic.test.ts" name="handleOpenDoor &gt; should allow player to open a door" time="0.000461211">
        </testcase>
        <testcase classname="src/tests/logic.test.ts" name="handleUsePotion &gt; should heal the player and consume the potion" time="0.002510161">
        </testcase>
        <testcase classname="src/tests/logic.test.ts" name="handleUsePotion &gt; should not heal beyond maxhp" time="0.000310104">
        </testcase>
        <testcase classname="src/tests/logic.test.ts" name="handleUsePotion &gt; should do nothing if player has no potion" time="0.00074459">
        </testcase>
    </testsuite>
    <testsuite name="src/tests/save-manager-file-integration.test.ts" timestamp="2025-09-19T08:58:53.848Z" hostname="devbox" tests="1" failures="0" errors="0" skipped="0" time="0.016501934">
        <testcase classname="src/tests/save-manager-file-integration.test.ts" name="SaveManager + FileStorage integration &gt; should save and load a game using FileStorage" time="0.014815301">
            <system-out>
createInitialState called for floor 1.

Successfully created new game state.

createInitialState called for floor 1.

Successfully created new game state.

            </system-out>
        </testcase>
    </testsuite>
</testsuites>
